<?xml version="1.0" encoding="UTF-8"?>
<!-- Generated by org.testng.reporters.JUnitReportReporter -->
<testsuite skipped="0" hostname="SILCP0102" name="timesheet.TestCase" tests="1" failures="0" timestamp="30 Oct 2017 06:54:02 GMT" time="2.136" errors="0">
  <testcase name="OpenSentrifugoUrl" time="2.136" classname="timesheet.TestCase"/>
</testsuite> <!-- timesheet.TestCase -->
